<?xml version="1.0" encoding="UTF-8"?>
<!-- Generated by org.testng.reporters.JUnitReportReporter -->
<testsuite hostname="ojas-dd414" name="Filghts.Multicity" tests="1" failures="0" timestamp="17 Mar 2021 05:54:32 GMT" time="38.049" errors="0">
  <testcase name="login" time="38.049" classname="Filghts.Multicity"/>
</testsuite> <!-- Filghts.Multicity -->
